Removed Pin From Net: NetName=Power Pin=C2-1
Removed Pin From Net: NetName=Power Pin=C3-1
Removed Pin From Net: NetName=Power Pin=HPF-3
Removed Pin From Net: NetName=GND Pin=HPF-4
Removed Pin From Net: NetName=GND Pin=HPF-5
Removed Pin From Net: NetName=GND Pin=HPF-6
Removed Pin From Net: NetName=Power Pin=LDO-5
Removed Pin From Net: NetName=Power Pin=R2-2
Removed Pin From Net: NetName=Power Pin=R3-1
Removed Pin From Net: NetName=Power Pin=SMA OUT-1
Change Designator: Invalid Designator
Change Component Designator: OldDesignator=LDO NewDesignator=U4
Change Component Designator: OldDesignator=LNA NewDesignator=U3
Change Component Designator: OldDesignator=LPF NewDesignator=U2
Added Component: Designator=J?(694102107102)
Add component (AddParameter): Name = "Color"; Value = "Black"; VariantName = "[No Variations]"
Add component (AddParameter): Name = "Connector Type"; Value = "Power"; VariantName = "[No Variations]"
Add component (AddParameter): Name = "Contact Gender"; Value = "Female"; VariantName = "[No Variations]"
Add component (AddParameter): Name = "Contact Plating"; Value = "Tin"; VariantName = "[No Variations]"
Add component (AddParameter): Name = "Current Rating"; Value = "5A"; VariantName = "[No Variations]"
Add component (AddParameter): Name = "Flammability Rating"; Value = "UL94 V-0"; VariantName = "[No Variations]"
Add component (AddParameter): Name = "Gender"; Value = "Male"; VariantName = "[No Variations]"
Add component (AddParameter): Name = "Housing Material"; Value = "Polyamide"; VariantName = "[No Variations]"
Add component (AddParameter): Name = "Insulation Resistance"; Value = "100MO"; VariantName = "[No Variations]"
Add component (AddParameter): Name = "Max Operating Temperature"; Value = "85°C"; VariantName = "[No Variations]"
Add component (AddParameter): Name = "Min Operating Temperature"; Value = "-40°C"; VariantName = "[No Variations]"
Add component (AddParameter): Name = "Mount"; Value = "Surface Mount"; VariantName = "[No Variations]"
Add component (AddParameter): Name = "NexarPartId"; Value = "52645180"; VariantName = "[No Variations]"
Add component (AddParameter): Name = "Operating Supply Voltage"; Value = "18V"; VariantName = "[No Variations]"
Add component (AddParameter): Name = "Packaging"; Value = "Tape and Reel"; VariantName = "[No Variations]"
Add component (AddParameter): Name = "REACH SVHC"; Value = "Unknown"; VariantName = "[No Variations]"
Add component (AddParameter): Name = "RoHS"; Value = "Compliant"; VariantName = "[No Variations]"
Add component (AddParameter): Name = "Shielding"; Value = "Unshielded"; VariantName = "[No Variations]"
Add component (AddParameter): Name = "Termination"; Value = "SMD/SMT"; VariantName = "[No Variations]"
Add component (AddParameter): Name = "Voltage Rating"; Value = "18V"; VariantName = "[No Variations]"
Add component (AddParameter): Name = "Voltage Rating (DC)"; Value = "18V"; VariantName = "[No Variations]"
Added Component: Designator=U1(FV1206-1_MNC)
Add component (AddParameter): Name = "Copyright"; Value = "Copyright (C) 2024 Ultra Librarian. All rights reserved."; VariantName = "[No Variations]"
Add component (AddParameter): Name = "Manufacturer_Part_Number"; Value = "HFCN-7150+"; VariantName = "[No Variations]"
Add component (AddParameter): Name = "Mfr_Name"; Value = "Mini Circuits"; VariantName = "[No Variations]"
Add component (AddParameter): Name = "RefDes"; Value = "RefDes"; VariantName = "[No Variations]"
Add component (AddParameter): Name = "Type"; Value = "DEV"; VariantName = "[No Variations]"
Added Pin To Net: NetName=VCC Pin=C2-1
Added Pin To Net: NetName=GND Pin=C3-1
Added Pin To Net: NetName=GND Pin=J?-2
Added Pin To Net: NetName=GND Pin=J?-3
Added Pin To Net: NetName=GND Pin=R2-2
Added Pin To Net: NetName=VCC Pin=R3-1
Added Pin To Net: NetName=NetSMA OUT_1 Pin=SMA OUT-1
Added Pin To Net: NetName=GND Pin=SMA OUT-2
Added Pin To Net: NetName=GND Pin=SMA OUT-3
Added Pin To Net: NetName=GND Pin=SMA OUT-4
Added Pin To Net: NetName=GND Pin=SMA OUT-5
Added Pin To Net: NetName=NetU1_1 Pin=U1-1
Added Pin To Net: NetName=GND Pin=U1-2
Added Pin To Net: NetName=NetSMA OUT_1 Pin=U1-3
Added Pin To Net: NetName=GND Pin=U1-4
Added Pin To Net: NetName=GND Pin=U1-5
Added Pin To Net: NetName=GND Pin=U1-6
Added Pin To Net: NetName=NetU1_1 Pin=U2-3
Added Pin To Net: NetName=Power Pin=U4-4
Added Pin To Net: NetName=VCC Pin=U4-5
Change Net Name : Old Net Name=Power New Net Name=NetC3_2
Added Pin To Net: NetName=Net_1 Pin=  -1
Added Pin To Net: NetName=Net_1 Pin=C1-1
Added Net: Name=Net_1
Added Pin To Net: NetName=NetJ?_1 Pin=J?-1
Added Pin To Net: NetName=NetJ?_1 Pin=J?-1
Added Pin To Net: NetName=NetJ?_1 Pin=U4-1
Added Pin To Net: NetName=NetJ?_1 Pin=U4-3
Added Net: Name=NetJ?_1
Added Member To Class: ClassName=Sheet1 Member=Component C1 Capacitor 10nF +/-20% 50V 0402
Added Member To Class: ClassName=Sheet1 Member=Component C2 2.2 uF
Added Member To Class: ClassName=Sheet1 Member=Component C3 470 pF
Added Member To Class: ClassName=Sheet1 Member=Component J? 694102107102
Added Member To Class: ClassName=Sheet1 Member=Component R2
Added Member To Class: ClassName=Sheet1 Member=Component R3
Added Member To Class: ClassName=Sheet1 Member=Component SMA OUT 731000114
Add Class Member: Failed to add class member : Component  731000114
Added Member To Class: ClassName=Sheet1 Member=Component U1 HFCN-7150+
Added Member To Class: ClassName=Sheet1 Member=Component U2 LFCN-8400+
Added Member To Class: ClassName=Sheet1 Member=Component U3 PMA-183PLN+
Added Member To Class: ClassName=Sheet1 Member=Component U4 MIC5205YM5-TR
